  ViT_prl.c
  cl_version.h: CL_TARGET_OPENCL_VERSION is not defined. Defaulting to 300 (OpenCL 3.0)
C:\Users\eskwo\source\repos\MCP_Final\MCP_Final\ViT_prl.c(270,74): warning C4047: '함수': 'const size_t *'의 간접 참조 수준이 'size_t (*)[2]'과(와) 다릅니다.
C:\Users\eskwo\source\repos\MCP_Final\MCP_Final\ViT_prl.c(270,74): warning C4024: 'clEnqueueNDRangeKernel': 형식 및 실제 매개 변수 5의 형식이 서로 다릅니다.
C:\Users\eskwo\source\repos\MCP_Final\MCP_Final\ViT_prl.c(270,86): warning C4047: '함수': 'const size_t *'의 간접 참조 수준이 'size_t (*)[2]'과(와) 다릅니다.
C:\Users\eskwo\source\repos\MCP_Final\MCP_Final\ViT_prl.c(270,86): warning C4024: 'clEnqueueNDRangeKernel': 형식 및 실제 매개 변수 6의 형식이 서로 다릅니다.
C:\Users\eskwo\source\repos\MCP_Final\MCP_Final\ViT_prl.c(296,67): warning C4047: '함수': 'const size_t *'의 간접 참조 수준이 'size_t (*)[2]'과(와) 다릅니다.
C:\Users\eskwo\source\repos\MCP_Final\MCP_Final\ViT_prl.c(296,67): warning C4024: 'clEnqueueNDRangeKernel': 형식 및 실제 매개 변수 5의 형식이 서로 다릅니다.
C:\Users\eskwo\source\repos\MCP_Final\MCP_Final\ViT_prl.c(310,22): warning C4244: '초기화 중': 'int'에서 'float'(으)로 변환하면서 데이터가 손실될 수 있습니다.
C:\Users\eskwo\source\repos\MCP_Final\MCP_Final\ViT_prl.c(721,91): warning C4047: '함수': 'const size_t *'의 간접 참조 수준이 'size_t (*)[3]'과(와) 다릅니다.
C:\Users\eskwo\source\repos\MCP_Final\MCP_Final\ViT_prl.c(721,91): warning C4024: 'clCreateProgramWithSource': 형식 및 실제 매개 변수 4의 형식이 서로 다릅니다.
C:\Users\eskwo\source\repos\MCP_Final\MCP_Final\ViT_prl.c(1088,99): warning C4047: '함수': 'cl_mem *'의 간접 참조 수준이 'cl_mem'과(와) 다릅니다.
C:\Users\eskwo\source\repos\MCP_Final\MCP_Final\ViT_prl.c(1088,99): warning C4024: 'linear_layer_opencl': 형식 및 실제 매개 변수 8의 형식이 서로 다릅니다.
C:\Users\eskwo\source\repos\MCP_Final\MCP_Final\ViT_prl.c(1088,124): warning C4047: '함수': 'cl_mem *'의 간접 참조 수준이 'cl_mem'과(와) 다릅니다.
C:\Users\eskwo\source\repos\MCP_Final\MCP_Final\ViT_prl.c(1088,124): warning C4024: 'linear_layer_opencl': 형식 및 실제 매개 변수 9의 형식이 서로 다릅니다.
  코드를 생성하고 있습니다.
  2 of 32 functions ( 6.2%) were compiled, the rest were copied from previous compilation.
    0 functions were new in current compilation
    1 functions had inline decision re-evaluated but remain unchanged
  코드를 생성했습니다.
  MCP_Final.vcxproj -> C:\Users\eskwo\source\repos\MCP_Final\x64\Release\MCP_Final.exe
